[    0.000000] Initializing cgroup subsys cpuset
[    0.000000] Initializing cgroup subsys cpu
[    0.000000] Initializing cgroup subsys cpuacct
[    0.000000] Linux version 4.4.0-133-generic (buildd@lgw01-amd64-029) (gcc version 5.4.0 20160609 (Ubuntu 5.4.0-6ubuntu1~16.04.10) ) #159-Ubuntu SMP Fri Aug 10 07:31:43 UTC 2018 (Ubuntu 4.4.0-133.159-generic 4.4.134)
[    0.000000] Command line: BOOT_IMAGE=/boot/vmlinuz-4.4.0-133-generic root=UUID=84e91f24-0077-40f3-aab8-b49b8e1f4506 ro console=tty1 console=ttyS0
[    0.000000] KERNEL supported cpus:
[    0.000000]   Intel GenuineIntel
[    0.000000]   AMD AuthenticAMD
[    0.000000]   Centaur CentaurHauls
[    0.000000] x86/fpu: xstate_offset[2]:  576, xstate_sizes[2]:  256
[    0.000000] x86/fpu: Supporting XSAVE feature 0x01: 'x87 floating point registers'
[    0.000000] x86/fpu: Supporting XSAVE feature 0x02: 'SSE registers'
[    0.000000] x86/fpu: Supporting XSAVE feature 0x04: 'AVX registers'
[    0.000000] x86/fpu: Enabled xstate features 0x7, context size is 832 bytes, using 'standard' format.
[    0.000000] x86/fpu: Using 'eager' FPU context switches.
[    0.000000] e820: BIOS-provided physical RAM map:
[    0.000000] BIOS-e820: [mem 0x0000000000000000-0x000000000009fbff] usable
[    0.000000] BIOS-e820: [mem 0x000000000009fc00-0x000000000009ffff] reserved
[    0.000000] BIOS-e820: [mem 0x00000000000f0000-0x00000000000fffff] reserved
[    0.000000] BIOS-e820: [mem 0x0000000000100000-0x000000003ffeffff] usable
[    0.000000] BIOS-e820: [mem 0x000000003fff0000-0x000000003fffffff] ACPI data
[    0.000000] BIOS-e820: [mem 0x00000000fec00000-0x00000000fec00fff] reserved
[    0.000000] BIOS-e820: [mem 0x00000000fee00000-0x00000000fee00fff] reserved
[    0.000000] BIOS-e820: [mem 0x00000000fffc0000-0x00000000ffffffff] reserved
[    0.000000] NX (Execute Disable) protection: active
[    0.000000] SMBIOS 2.5 present.
[    0.000000] Hypervisor detected: KVM
[    0.000000] e820: last_pfn = 0x3fff0 max_arch_pfn = 0x400000000
[    0.000000] MTRR: Disabled
[    0.000000] x86/PAT: MTRRs disabled, skipping PAT initialization too.
[    0.000000] CPU MTRRs all blank - virtualized system.
[    0.000000] x86/PAT: Configuration [0-7]: WB  WT  UC- UC  WB  WT  UC- UC  
[    0.000000] found SMP MP-table at [mem 0x0009fff0-0x0009ffff] mapped at [ffff88000009fff0]
[    0.000000] Scanning 1 areas for low memory corruption
[    0.000000] RAMDISK: [mem 0x361ee000-0x370eefff]
[    0.000000] ACPI: Early table checksum verification disabled
[    0.000000] ACPI: RSDP 0x00000000000E0000 000024 (v02 VBOX  )
[    0.000000] ACPI: XSDT 0x000000003FFF0030 00003C (v01 VBOX   VBOXXSDT 00000001 ASL  00000061)
[    0.000000] ACPI: FACP 0x000000003FFF00F0 0000F4 (v04 VBOX   VBOXFACP 00000001 ASL  00000061)
[    0.000000] ACPI: DSDT 0x000000003FFF0470 0021FF (v02 VBOX   VBOXBIOS 00000002 INTL 20100528)
[    0.000000] ACPI: FACS 0x000000003FFF0200 000040
[    0.000000] ACPI: FACS 0x000000003FFF0200 000040
[    0.000000] ACPI: APIC 0x000000003FFF0240 00005C (v02 VBOX   VBOXAPIC 00000001 ASL  00000061)
[    0.000000] ACPI: SSDT 0x000000003FFF02A0 0001CC (v01 VBOX   VBOXCPUT 00000002 INTL 20100528)
[    0.000000] No NUMA configuration found
[    0.000000] Faking a node at [mem 0x0000000000000000-0x000000003ffeffff]
[    0.000000] NODE_DATA(0) allocated [mem 0x3ffeb000-0x3ffeffff]
[    0.000000] kvm-clock: Using msrs 4b564d01 and 4b564d00
[    0.000000] kvm-clock: cpu 0, msr 0:3ffe3001, primary cpu clock
[    0.000000] kvm-clock: using sched offset of 4513174195 cycles
[    0.000000] clocksource: kvm-clock: mask: 0xffffffffffffffff max_cycles: 0x1cd42e4dffb, max_idle_ns: 881590591483 ns
[    0.000000] Zone ranges:
[    0.000000]   DMA      [mem 0x0000000000001000-0x0000000000ffffff]
[    0.000000]   DMA32    [mem 0x0000000001000000-0x000000003ffeffff]
[    0.000000]   Normal   empty
[    0.000000]   Device   empty
[    0.000000] Movable zone start for each node
[    0.000000] Early memory node ranges
[    0.000000]   node   0: [mem 0x0000000000001000-0x000000000009efff]
[    0.000000]   node   0: [mem 0x0000000000100000-0x000000003ffeffff]
[    0.000000] Initmem setup node 0 [mem 0x0000000000001000-0x000000003ffeffff]
[    0.000000] ACPI: PM-Timer IO Port: 0x4008
[    0.000000] IOAPIC[0]: apic_id 2, version 32, address 0xfec00000, GSI 0-23
[    0.000000] ACPI: INT_SRC_OVR (bus 0 bus_irq 0 global_irq 2 dfl dfl)
[    0.000000] ACPI: INT_SRC_OVR (bus 0 bus_irq 9 global_irq 9 high level)
[    0.000000] Using ACPI (MADT) for SMP configuration information
[    0.000000] smpboot: Allowing 2 CPUs, 0 hotplug CPUs
[    0.000000] PM: Registered nosave memory: [mem 0x00000000-0x00000fff]
[    0.000000] PM: Registered nosave memory: [mem 0x0009f000-0x0009ffff]
[    0.000000] PM: Registered nosave memory: [mem 0x000a0000-0x000effff]
[    0.000000] PM: Registered nosave memory: [mem 0x000f0000-0x000fffff]
[    0.000000] e820: [mem 0x40000000-0xfebfffff] available for PCI devices
[    0.000000] Booting paravirtualized kernel on KVM
[    0.000000] clocksource: refined-jiffies: mask: 0xffffffff max_cycles: 0xffffffff, max_idle_ns: 7645519600211568 ns
[    0.000000] setup_percpu: NR_CPUS:512 nr_cpumask_bits:512 nr_cpu_ids:2 nr_node_ids:1
[    0.000000] PERCPU: Embedded 34 pages/cpu @ffff88003fc00000 s99544 r8192 d31528 u1048576
[    0.000000] PV qspinlock hash table entries: 256 (order: 0, 4096 bytes)
[    0.000000] Built 1 zonelists in Node order, mobility grouping on.  Total pages: 257912
[    0.000000] Policy zone: DMA32
[    0.000000] Kernel command line: BOOT_IMAGE=/boot/vmlinuz-4.4.0-133-generic root=UUID=84e91f24-0077-40f3-aab8-b49b8e1f4506 ro console=tty1 console=ttyS0
[    0.000000] PID hash table entries: 4096 (order: 3, 32768 bytes)
[    0.000000] Memory: 997140K/1048120K available (8550K kernel code, 1314K rwdata, 4004K rodata, 1528K init, 1316K bss, 50980K reserved, 0K cma-reserved)
[    0.000000] SLUB: HWalign=64, Order=0-3, MinObjects=0, CPUs=2, Nodes=1
[    0.000000] Kernel/User page tables isolation: enabled
[    0.000000] Hierarchical RCU implementation.
[    0.000000] 	Build-time adjustment of leaf fanout to 64.
[    0.000000] 	RCU restricting CPUs from NR_CPUS=512 to nr_cpu_ids=2.
[    0.000000] RCU: Adjusting geometry for rcu_fanout_leaf=64, nr_cpu_ids=2
[    0.000000] NR_IRQS:33024 nr_irqs:440 16
[    0.000000] Console: colour VGA+ 80x25
[    0.000000] console [tty1] enabled
[    0.000000] console [ttyS0] enabled
[    0.000000] tsc: Detected 1999.999 MHz processor
[    6.151195] Calibrating delay loop (skipped) preset value.. 3999.99 BogoMIPS (lpj=7999996)
[    6.156501] pid_max: default: 32768 minimum: 301
[    6.166358] ACPI: Core revision 20150930
[    6.193413] ACPI: 2 ACPI AML tables successfully acquired and loaded
[    6.226155] Security Framework initialized
[    6.256405] Yama: becoming mindful.
[    6.286962] AppArmor: AppArmor initialized
[    6.322807] Dentry cache hash table entries: 131072 (order: 8, 1048576 bytes)
[    6.405122] Inode-cache hash table entries: 65536 (order: 7, 524288 bytes)
[    6.471631] Mount-cache hash table entries: 2048 (order: 2, 16384 bytes)
[    6.518636] Mountpoint-cache hash table entries: 2048 (order: 2, 16384 bytes)
[    6.521950] Initializing cgroup subsys io
[    6.547892] Initializing cgroup subsys memory
[    6.568082] Initializing cgroup subsys devices
[    6.610758] Initializing cgroup subsys freezer
[    6.674051] Initializing cgroup subsys net_cls
[    6.746791] Initializing cgroup subsys perf_event
[    6.803765] Initializing cgroup subsys net_prio
[    6.846987] Initializing cgroup subsys hugetlb
[    6.878392] Initializing cgroup subsys pids
[    6.950789] mce: CPU supports 0 MCE banks
[    6.971069] Last level iTLB entries: 4KB 1024, 2MB 1024, 4MB 1024
[    7.054956] Last level dTLB entries: 4KB 1024, 2MB 1024, 4MB 1024, 1GB 4
[    7.148257] Spectre V2 : Mitigation: Full generic retpoline
[    7.220283] Spectre V2 : Speculation control IBPB not-supported IBRS not-supported
[    7.306180] Speculative Store Bypass: Vulnerable
[    7.356438] Freeing SMP alternatives memory: 32K
[    7.404805] ftrace: allocating 32262 entries in 127 pages
[    7.500434] smpboot: APIC(0) Converting physical 0 to logical package 0
[    7.584538] smpboot: Max logical packages: 1
[    7.586576] x2apic enabled
[    7.606667] Switched APIC routing to physical x2apic.
[    7.666988] ..TIMER: vector=0x30 apic1=0 pin1=2 apic2=-1 pin2=-1
[    7.822466] APIC calibration not consistent with PM-Timer: 98ms instead of 100ms
[    7.907330] APIC delta adjusted to PM-Timer: 6297241 (6221665)
[    7.955364] smpboot: CPU0: Intel(R) Core(TM) i5-4260U CPU @ 1.40GHz (family: 0x6, model: 0x45, stepping: 0x1)
[    8.072112] Performance Events: unsupported p6 CPU model 69 no PMU driver, software events only.
[    8.169742] KVM setup paravirtual spinlock
[    8.187341] x86: Booting SMP configuration:
[    8.201649] .... node  #0, CPUs:      #1
[    8.234361] kvm-clock: cpu 1, msr 0:3ffe3041, secondary cpu clock
[    8.245610] mce: CPU supports 0 MCE banks
[    8.258864] x86: Booted up 1 node, 2 CPUs
[    8.303337] smpboot: Total of 2 processors activated (7999.99 BogoMIPS)
[    8.389960] devtmpfs: initialized
[    8.421762] evm: security.selinux
[    8.468245] evm: security.SMACK64
[    8.486551] evm: security.SMACK64EXEC
[    8.507138] evm: security.SMACK64TRANSMUTE
[    8.535882] evm: security.SMACK64MMAP
[    8.554327] evm: security.ima
[    8.570187] evm: security.capability
[    8.596789] clocksource: jiffies: mask: 0xffffffff max_cycles: 0xffffffff, max_idle_ns: 7645041785100000 ns
[    8.719973] futex hash table entries: 512 (order: 3, 32768 bytes)
[    8.810675] pinctrl core: initialized pinctrl subsystem
[    8.88911] RTC time: 10:14:49, date: 09/09/18
[    8.976494] NET: Registered protocol family 16
[    9.023997] cpuidle: using governor ladder
[    9.105073] cpuidle: using governor menu
[    9.166761] PCCT header not found.
[    9.209968] ACPI: bus type PCI registered
[    9.224398] acpiphp: ACPI Hot Plug PCI Controller Driver version: 0.5
[    9.314682] PCI: Using configuration type 1 for base access
[    9.413295] ACPI: Added _OSI(Module Device)
[    9.467909] ACPI: Added _OSI(Processor Device)
[    9.493183] ACPI: Added _OSI(3.0 _SCP Extensions)
[    9.550685] ACPI: Added _OSI(Processor Aggregator Device)
[    9.611263] ACPI: Executed 1 blocks of module-level executable AML code
[    9.676922] ACPI: Interpreter enabled
[    9.694880] ACPI: (supports S0 S5)
[    9.722354] ACPI: Using IOAPIC for interrupt routing
[    9.772269] PCI: Using host bridge windows from ACPI; if necessary, use "pci=nocrs" and report a bug
[    9.886516] ACPI: PCI Root Bridge [PCI0] (domain 0000 [bus 00-ff])
[    9.965662] acpi PNP0A03:00: _OSC: OS supports [ASPM ClockPM Segments MSI]
[   10.051960] acpi PNP0A03:00: _OSC: not requesting OS control; OS requires [ExtendedConfig ASPM ClockPM MSI]
[   10.132171] acpi PNP0A03:00: fail to add MMCONFIG information, can't access extended PCI configuration space under this bridge.
[   10.291535] PCI host bridge to bus 0000:00
[   10.346093] pci_bus 0000:00: root bus resource [io  0x0000-0x0cf7 window]
[   10.421598] pci_bus 0000:00: root bus resource [io  0x0d00-0xffff window]
[   10.492883] pci_bus 0000:00: root bus resource [mem 0x000a0000-0x000bffff window]
[   10.588858] pci_bus 0000:00: root bus resource [mem 0x40000000-0xffdfffff window]
[   10.693279] pci_bus 0000:00: root bus resource [bus 00-ff]
[   10.761969] pci 0000:00:01.1: legacy IDE quirk: reg 0x10: [io  0x01f0-0x01f7]
[   10.819956] pci 0000:00:01.1: legacy IDE quirk: reg 0x14: [io  0x03f6]
[   10.850034] pci 0000:00:01.1: legacy IDE quirk: reg 0x18: [io  0x0170-0x0177]
[   10.908177] pci 0000:00:01.1: legacy IDE quirk: reg 0x1c: [io  0x0376]
[   10.984290] pci 0000:00:07.0: quirk: [io  0x4000-0x403f] claimed by PIIX4 ACPI
[   11.087784] pci 0000:00:07.0: quirk: [io  0x4100-0x410f] claimed by PIIX4 SMB
[   11.207490] ACPI: PCI Interrupt Link [LNKA] (IRQs 5 9 10 *11)
[   11.277431] ACPI: PCI Interrupt Link [LNKB] (IRQs 5 9 10 *11)
[   11.342324] ACPI: PCI Interrupt Link [LNKC] (IRQs 5 9 *10 11)
[   11.413921] ACPI: PCI Interrupt Link [LNKD] (IRQs 5 *9 10 11)
[   11.475158] ACPI: Enabled 2 GPEs in block 00 to 07
[   11.541132] vgaarb: setting as boot device: PCI:0000:00:02.0
[   11.546124] vgaarb: device added: PCI:0000:00:02.0,decodes=io+mem,owns=io+mem,locks=none
[   11.565934] vgaarb: loaded
[   11.568308] vgaarb: bridge control possible 0000:00:02.0
[   11.600448] SCSI subsystem initialized
[   11.614172] ACPI: bus type USB registered
[   11.633435] usbcore: registered new interface driver usbfs
[   11.668902] usbcore: registered new interface driver hub
[   11.708251] usbcore: registered new device driver usb
[   11.722251] PCI: Using ACPI for IRQ routing
[   11.755530] NetLabel: Initializing
[   11.774654] NetLabel:  domain hash size = 128
[   11.803802] NetLabel:  protocols = UNLABELED CIPSOv4
[   11.825468] NetLabel:  unlabeled traffic allowed by default
[   11.864548] amd_nb: Cannot enumerate AMD northbridges
[   11.898182] clocksource: Switched to clocksource kvm-clock
[   11.970872] AppArmor: AppArmor Filesystem Enabled
[   11.999208] pnp: PnP ACPI init
[   12.039835] pnp: PnP ACPI: found 3 devices
[   12.112775] clocksource: acpi_pm: mask: 0xffffff max_cycles: 0xffffff, max_idle_ns: 2085701024 ns
[   12.136030] NET: Registered protocol family 2
[   12.166397] TCP established hash table entries: 8192 (order: 4, 65536 bytes)
[   12.284513] TCP bind hash table entries: 8192 (order: 5, 131072 bytes)
[   12.389782] TCP: Hash tables configured (established 8192 bind 8192)
[   12.498081] UDP hash table entries: 512 (order: 2, 16384 bytes)
[   12.604535] UDP-Lite hash table entries: 512 (order: 2, 16384 bytes)
[   12.731647] NET: Registered protocol family 1
[   12.818042] pci 0000:00:00.0: Limiting direct PCI/PCI transfers
[   12.947689] pci 0000:00:01.0: Activating ISA DMA hang workarounds
[   13.083502] Unpacking initramfs...
[   13.510180] Freeing initrd memory: 15364K
[   13.565268] RAPL PMU detected, API unit is 2^-32 Joules, 4 fixed counters 10737418240 ms ovfl timer
[   13.631363] hw unit of domain pp0-core 2^-0 Joules
[   13.687062] hw unit of domain package 2^-0 Joules
[   13.719145] hw unit of domain dram 2^-0 Joules
[   13.738713] hw unit of domain pp1-gpu 2^-0 Joules
[   13.768934] platform rtc_cmos: registered platform RTC device (no PNP device found)
[   13.837106] Scanning for low memory corruption every 60 seconds
[   13.900161] audit: initializing netlink subsys (disabled)
[   13.925003] audit: type=2000 audit(1536488088.946:1): initialized
[   13.934392] Initialise system trusted keyring
[   13.961665] HugeTLB registered 2 MB page size, pre-allocated 0 pages
[   13.982813] zbud: loaded
[   14.008393] VFS: Disk quotas dquot_6.6.0
[   14.029754] VFS: Dquot-cache hash table entries: 512 (order 0, 4096 bytes)
[   14.087773] squashfs: version 4.0 (2009/01/31) Phillip Lougher
[   14.159055] fuse init (API version 7.23)
[   14.197682] Key type big_key registered
[   14.220792] Allocating IMA MOK and blacklist keyrings.
[   14.232074] Key type asymmetric registered
[   14.247799] Asymmetric key parser 'x509' registered
[   14.274856] Block layer SCSI generic (bsg) driver version 0.4 loaded (major 249)
[   14.314050] io scheduler noop registered
[   14.342531] io scheduler deadline registered (default)
[   14.448622] io scheduler cfq registered
[   14.517009] pci_hotplug: PCI Hot Plug PCI Core version: 0.5
[   14.542912] pciehp: PCI Express Hot Plug Controller Driver version: 0.4
[   14.589166] ACPI: AC Adapter [AC] (off-line)
[   14.687947] input: Power Button as /devices/LNXSYSTM:00/LNXPWRBN:00/input/input0
[   14.712013] ACPI: Power Button [PWRF]
[   14.741376] input: Sleep Button as /devices/LNXSYSTM:00/LNXSLPBN:00/input/input1
[   14.767070] tsc: Refined TSC clocksource calibration: 1999.626 MHz
[   14.767073] clocksource: tsc: mask: 0xffffffffffffffff max_cycles: 0x39a59aa1302, max_idle_ns: 881590693554 ns
[   14.783017] ACPI: Sleep Button [SLPF]
[   14.793006] GHES: HEST is not enabled!
[   14.797680] ACPI: Battery Slot [BAT0] (battery present)
[   14.811084] Serial: 8250/16550 driver, 32 ports, IRQ sharing enabled
[   14.900973] 00:02: ttyS0 at I/O 0x3f8 (irq = 4, base_baud = 115200) is a 16550A
[   14.943854] Linux agpgart interface v0.103
[   14.994880] loop: module loaded
[   15.032978] scsi host0: ata_piix
[   15.098297] scsi host1: ata_piix
[   15.131492] ata1: PATA max UDMA/33 cmd 0x1f0 ctl 0x3f6 bmdma 0xd000 irq 14
[   15.224638] ata2: PATA max UDMA/33 cmd 0x170 ctl 0x376 bmdma 0xd008 irq 15
[   15.257820] libphy: Fixed MDIO Bus: probed
[   15.324053] tun: Universal TUN/TAP device driver, 1.6
[   15.411101] tun: (C) 1999-2004 Max Krasnyansky <maxk@qualcomm.com>
[   15.503059] PPP generic driver version 2.4.2
[   15.562804] ehci_hcd: USB 2.0 'Enhanced' Host Controller (EHCI) Driver
[   15.614692] ehci-pci: EHCI PCI platform driver
[   15.619924] ehci-platform: EHCI generic platform driver
[   15.628259] ohci_hcd: USB 1.1 'Open' Host Controller (OHCI) Driver
[   15.635530] ohci-pci: OHCI PCI platform driver
[   15.639779] ohci-platform: OHCI generic platform driver
[   15.642061] uhci_hcd: USB Universal Host Controller Interface driver
[   15.650682] i8042: PNP: PS/2 Controller [PNP0303:PS2K,PNP0f03:PS2M] at 0x60,0x64 irq 1,12
[   15.674656] serio: i8042 KBD port at 0x60,0x64 irq 1
[   15.691494] serio: i8042 AUX port at 0x60,0x64 irq 12
[   15.712485] mousedev: PS/2 mouse device common for all mice
[   15.746795] rtc_cmos rtc_cmos: rtc core: registered rtc_cmos as rtc0
[   15.792859] rtc_cmos rtc_cmos: alarms up to one day, 114 bytes nvram
[   15.807369] i2c /dev entries driver
[   15.830738] input: AT Translated Set 2 keyboard as /devices/platform/i8042/serio0/input/input2
[   15.898201] device-mapper: uevent: version 1.0.3
[   15.928941] device-mapper: ioctl: 4.34.0-ioctl (2015-10-28) initialised: dm-devel@redhat.com
[   15.964387] ledtrig-cpu: registered to indicate activity on CPUs
[   15.986715] NET: Registered protocol family 10
[   16.012178] NET: Registered protocol family 17
[   16.098919] Key type dns_resolver registered
[   16.198243] registered taskstats version 1
[   16.243979] Loading compiled-in X.509 certificates
[   16.314010] Loaded X.509 cert 'Build time autogenerated kernel key: 2bd7eec8ea2fedbeeda78e0b663eb647cf617c40'
[   16.527053] zswap: loaded using pool lzo/zbud
[   16.628272] Key type trusted registered
[   16.676982] Key type encrypted registered
[   16.731051] AppArmor: AppArmor sha1 policy hashing enabled
[   16.787045] ima: No TPM chip found, activating TPM-bypass!
[   16.808924] ima: Allocated hash algorithm: sha1
[   16.818484] evm: HMAC attrs: 0x1
[   16.848380]   Magic number: 2:920:223
[   16.899656] rtc_cmos rtc_cmos: setting system clock to 2018-09-09 10:14:57 UTC (1536488097)
[   17.006328] BIOS EDD facility v0.16 2004-Jun-25, 0 devices found
[   17.108913] EDD information not available.
[   17.199040] Freeing unused kernel memory: 1528K
[   17.278825] Write protecting the kernel read-only data: 14336k
[   17.384008] Freeing unused kernel memory: 1676K
[   17.475039] Freeing unused kernel memory: 92K
Loading, please wait...
starting version[   17.533340] random: systemd-udevd: uninitialized urandom read (16 bytes read, 4 bits of entropy available)
 229
[   17.534465] random: udevadm: uninitialized urandom read (16 bytes read, 4 bits of entropy available)
[   17.534508] random: udevadm: uninitialized urandom read (16 bytes read, 4 bits of entropy available)
[   17.550868] random: udevadm: uninitialized urandom read (16 bytes read, 4 bits of entropy available)
[   17.550932] random: udevadm: uninitialized urandom read (16 bytes read, 4 bits of entropy available)
[   17.551158] random: udevadm: uninitialized urandom read (16 bytes read, 4 bits of entropy available)
[   17.551244] random: udevadm: uninitialized urandom read (16 bytes read, 4 bits of entropy available)
[   17.551328] random: udevadm: uninitialized urandom read (16 bytes read, 4 bits of entropy available)
[   17.551416] random: udevadm: uninitialized urandom read (16 bytes read, 4 bits of entropy available)
[   17.551500] random: udevadm: uninitialized urandom read (16 bytes read, 4 bits of entropy available)
[   18.126858] Fusion MPT base driver 3.04.20
[   18.130075] Copyright (c) 1999-2008 LSI Corporation
[   18.130111] e1000: Intel(R) PRO/1000 Network Driver - version 7.3.21-k8-NAPI
[   18.130111] e1000: Copyright (c) 1999-2006 Intel Corporation.
[   18.160829] Fusion MPT SPI Host driver 3.04.20
[   18.219012] AVX version of gcm_enc/dec engaged.
[   18.267072] AES CTR mode by8 optimization enabled
[   18.435068] input: ImExPS/2 Generic Explorer Mouse as /devices/platform/i8042/serio1/input/input4
[   18.595508] e1000 0000:00:03.0 eth0: (PCI:33MHz:32-bit) 02:40:c1:fa:9b:f5
[   18.655063] e1000 0000:00:03.0 eth0: Intel(R) PRO/1000 Network Connection
[   19.133879] e1000 0000:00:08.0 eth1: (PCI:33MHz:32-bit) 08:00:27:24:56:6f
[   19.147924] e1000 0000:00:08.0 eth1: Intel(R) PRO/1000 Network Connection
[   19.196324] e1000 0000:00:08.0 enp0s8: renamed from eth1
[   19.202338] mptbase: ioc0: Initiating bringup
[   19.274800] e1000 0000:00:03.0 enp0s3: renamed from eth0
[   19.370840] ioc0: LSI53C1030 A0: Capabilities={Initiator}
[   19.608546] scsi host2: ioc0: LSI53C1030 A0, FwRev=00000000h, Ports=1, MaxQ=256, IRQ=20
[   19.759481] scsi 2:0:0:0: Direct-Access     VBOX     HARDDISK         1.0  PQ: 0 ANSI: 5
[   19.924304] scsi target2:0:0: Beginning Domain Validation
[   20.023199] scsi target2:0:0: Domain Validation skipping write tests
[   20.154418] scsi target2:0:0: Ending Domain Validation
[   20.231031] scsi target2:0:0: asynchronous
[   20.281018] scsi 2:0:1:0: Direct-Access     VBOX     HARDDISK         1.0  PQ: 0 ANSI: 5
[   20.347267] scsi target2:0:1: Beginning Domain Validation
[   20.404498] scsi target2:0:1: Domain Validation skipping write tests
[   20.500173] scsi target2:0:1: Ending Domain Validation
[   20.527837] scsi target2:0:1: asynchronous
[   20.615720] sd 2:0:0:0: [sda] 20971520 512-byte logical blocks: (10.7 GB/10.0 GiB)
[   20.690560] sd 2:0:0:0: Attached scsi generic sg0 type 0
[   20.690835] sd 2:0:0:0: [sda] Write Protect is off
[   20.690968] sd 2:0:0:0: [sda] Incomplete mode parameter data
[   20.690970] sd 2:0:0:0: [sda] Assuming drive cache: write through
[   20.699821]  sda: sda1
[   20.701584] sd 2:0:0:0: [sda] Attached SCSI disk
[   20.910584] sd 2:0:1:0: [sdb] 20480 512-byte logical blocks: (10.5 MB/10.0 MiB)
[   20.996921] sd 2:0:1:0: Attached scsi generic sg1 type 0
[   21.050123] sd 2:0:1:0: [sdb] Write Protect is off
[   21.097877] sd 2:0:1:0: [sdb] Incomplete mode parameter data
[   21.147749] sd 2:0:1:0: [sdb] Assuming drive cache: write through
[   21.252730] sd 2:0:1:0: [sdb] Attached SCSI disk
Begin: Loading e[   22.787287] md: linear personality registered for level -1
ssential drivers ... [   22.890097] md: multipath personality registered for level -4
[   22.937385] md: raid0 personality registered for level 0
[   23.027919] md: raid1 personality registered for level 1
[   23.147127] raid6: sse2x1   gen()  8157 MB/s
[   23.278286] raid6: sse2x1   xor()  5994 MB/s
[   23.404875] raid6: sse2x2   gen() 10378 MB/s
[   23.534300] raid6: sse2x2   xor()  6666 MB/s
[   23.674326] raid6: sse2x4   gen() 11448 MB/s
[   23.778887] raid6: sse2x4   xor()  7812 MB/s
[   23.803345] raid6: using algorithm sse2x4 gen() 11448 MB/s
[   23.835533] raid6: .... xor() 7812 MB/s, rmw enabled
[   23.866282] raid6: using ssse3x2 recovery algorithm
[   23.908152] xor: automatically using best checksumming function:
[   24.022409]    avx       : 19000.000 MB/sec
[   24.092736] async_tx: api initialized (async)
[   24.140315] md: raid6 personality registered for level 6
[   24.198818] md: raid5 personality registered for level 5
[   24.244534] md: raid4 personality registered for level 4
[   24.289884] md: raid10 personality registered for level 10
done.
Begin: Running /scripts/init-premount ... done.
Begin: Mounting root file system ... Begin: Running /scr[   24.411429] Btrfs loaded
ipts/local-top ... done.
Begin: Running /scripts/local-premount ... Scanning for Btrfs filesystems
done.
Warning: fsck not pr[   24.534057] EXT4-fs (sda1): mounted filesystem with ordered data mode. Opts: (null)
esent, so skipping root file system
done.
Begin: Running /scripts/local-bottom ... done.
Begin: Running /scripts/init-bottom ... done.
[   24.900531] systemd[1]: systemd 229 running in system mode. (+PAM +AUDIT +SELINUX +IMA +APPARMOR +SMACK +SYSVINIT +UTMP +LIBCRYPTSETUP +GCRYPT +GNUTLS +ACL +XZ -LZ4 +SECCOMP +BLKID +ELFUTILS +KMOD -IDN)
[   24.977479] systemd[1]: Detected virtualization oracle.
[   24.988678] systemd[1]: Detected architecture x86-64.

Welcome to [1mUbuntu 16.04.5 LTS[0m!

[   25.044265] systemd[1]: Set hostname to <ubuntu-xenial>.
[   25.451298] systemd[1]: Reached target User and Group Name Lookups.
[[0;32m  OK  [0m] Reached target User and Group Name Lookups.
[   25.509411] systemd[1]: Listening on Journal Socket.
[[0;32m  OK  [0m] Listening on Journal Socket.
[   25.545730] systemd[1]: Reached target Swap.
[[0;32m  OK  [0m] Reached target Swap.
[   25.603008] systemd[1]: Reached target Encrypted Volumes.
[[0;32m  OK  [0m] Reached target Encrypted Volumes.
[   25.674855] systemd[1]: Listening on LVM2 metadata daemon socket.
[[0;32m  OK  [0m] Listening on LVM2 metadata daemon socket.
[   25.743412] systemd[1]: Listening on udev Control Socket.
[[0;32m  OK  [0m] Listening on udev Control Socket.
[   25.791517] systemd[1]: Set up automount Arbitrary Executable File Formats File System Automount Point.
[[0;32m  OK  [0m] Set up automount Arbitrary Executab...ats File System Automount Point.
[   25.919301] systemd[1]: Listening on LVM2 poll daemon socket.
[[0;32m  OK  [0m] Listening on LVM2 poll daemon socket.
[   25.987096] systemd[1]: Listening on /dev/initctl Compatibility Named Pipe.
[[0;32m  OK  [0m] Listening on /dev/initctl Compatibility Named Pipe.
[   26.051728] systemd[1]: Created slice User and Session Slice.
[[0;32m  OK  [0m] Created slice User and Session Slice.
[   26.084206] systemd[1]: Created slice System Slice.
[[0;32m  OK  [0m] Created slice System Slice.
[   26.150527] systemd[1]: Mounting POSIX Message Queue File System...
         Mounting POSIX Message Queue File System...
[   26.235195] systemd[1]: Starting Remount Root and Kernel File Systems...
[   26.249205] EXT4-fs (sda1): re-mounted. Opts: (null)
         Starting Remount Root and Kernel File Systems...
[   26.359282] systemd[1]: Mounting Debug File System...
         Mounting Debug File System...
[   26.415070] systemd[1]: Starting Create list of required static device nodes for the current kernel...
[   26.416751] random: nonblocking pool is initialized
         Starting Create list of required st... nodes for the current kernel...
[   26.526485] systemd[1]: Starting Nameserver information manager...
         Starting Nameserver information manager...
[   26.627252] systemd[1]: Starting Load Kernel Modules...
[   26.644112] Loading iSCSI transport class v2.0-870.
         Starting Load Kernel Mo[   26.713998] iscsi: registered transport (tcp)
dules...
[   26.775441] systemd[1]: Started Trigger resolvconf update for networkd DNS.
[[0;32m  OK  [0m] Started Trigger resolvconf u[   26.816310] iscsi: registered transport (iser)
pdate for networkd DNS.
[   26.863362] systemd[1]: Started Forward Password Requests to Wall Directory Watch.
[[0;32m  OK  [0m] Started Forward Password Requests to Wall Directory Watch.
[   26.986739] systemd[1]: Starting Set console keymap...
         Starting Set console keymap...
[   27.032293] systemd[1]: Mounting Huge Pages File System...
         Mounting Huge Pages File System...
[   27.059104] systemd[1]: Listening on Syslog Socket.
[[0;32m  OK  [0m] Listening on Syslog Socket.
[   27.084972] systemd[1]: Listening on udev Kernel Socket.
[[0;32m  OK  [0m] Listening on udev Kernel Socket.
[   27.113538] systemd[1]: Listening on Journal Socket (/dev/log).
[[0;32m  OK  [0m] Listening on Journal Socket (/dev/log).
[   27.166614] systemd[1]: Starting Uncomplicated firewall...
         Starting Uncomplicated firewall...
[   27.212326] systemd[1]: Created slice system-serial\x2dgetty.slice.
[[0;32m  OK  [0m] Created slice system-serial\x2dgetty.slice.
[   27.277756] systemd[1]: Reached target System Time Synchronized.
[[0;32m  OK  [0m] Reached target System Time Synchronized.
[   27.343599] systemd[1]: Reached target Slices.
[[0;32m  OK  [0m] Reached target Slices.
[   27.370000] systemd[1]: Listening on Journal Audit Socket.
[[0;32m  OK  [0m] Listening on Journal Audit Socket.
[   27.402889] systemd[1]: Starting Journal Service...
         Starting Journal Service...
[   27.555109] systemd[1]: Listening on Device-mapper event daemon FIFOs.
[[0;32m  OK  [0m] Listening on Device-mapper event daemon FIFOs.
[   27.647094] systemd[1]: Starting Monitoring of LVM2 mirrors, snapshots etc. using dmeventd or progress polling...
         Starting Monitoring of LVM2 mirrors... dmeventd or progress polling...
[   27.769415] systemd[1]: Mounted Debug File System.
[[0;32m  OK  [0m] Mounted Debug File System.
[   27.815177] systemd[1]: Mounted POSIX Message Queue File System.
[[0;32m  OK  [0m] Mounted POSIX Message Queue File System.
[   27.947634] systemd[1]: Mounted Huge Pages File System.
[[0;32m  OK  [0m] Mounted Huge Pages File System.
[   28.004354] systemd[1]: Started Journal Service.
[[0;32m  OK  [0m] Started Journal Service.
[[0;32m  OK  [0m] Started Remount Root and Kernel File Systems.
[[0;32m  OK  [0m] Started Create list of required sta...ce nodes for the current kernel.
[[0;32m  OK  [0m] Started Load Kernel Modules.
[[0;32m  OK  [0m] Started Set console keymap.
[[0;32m  OK  [0m] Started Uncomplicated firewall.
[[0;32m  OK  [0m] Started Nameserver information manager.
[[0;32m  OK  [0m] Started LVM2 metadata daemon.
         Starting Apply Kernel Variables...
         Mounting FUSE Control File System...
         Starting Create Static Device Nodes in /dev...
         Starting udev Coldplug all Devices...
         Starting Load/Save Random Seed...
         Starting Flush Journal to Persistent Storage...
[[0;32m  OK  [0m] Mounted FUSE Control File System.
[[0;32m  OK  [0m] Started Monitoring of LVM2 mirrors,...ng dmeventd or progress polling.
[[0;32m  OK  [0m] Started Apply Kernel Variables.
[[0;32m  OK  [0m] Started Create Static Device Nodes in /dev.
[[0;32m  OK  [0m] Started Load/Save Random Seed.
[[0;32m  OK  [0m] Started udev Coldplug all Devices.
         Starting udev Kernel Device Manager...
[[0;32m  OK  [0m] Started Flush Journal to Persistent Storage.
[[0;32m  OK  [0m] Started udev Kernel Device Manager.
[[0;32m  OK  [0m] Reached target Local File Systems (Pre).
[[0;32m  OK  [0m] Reached target Local File Systems.
         Starting LSB: AppArmor initialization...
         Starting Tell Plymouth To Write Out Runtime Data...
         Starting Initial cloud-init job (pre-networking)...
         Starting Set console font and keymap...
[[0;32m  OK  [0m] Started Dispatch Password Requests to Console Directory Watch.
         Starting Create Volatile Files and Directories...
[[0;32m  OK  [0m] Started Tell Plymouth To Write Out Runtime Data.
[[0;32m  OK  [0m] Started Create Volatile Files and Directories.
[[0;32m  OK  [0m] Found device /dev/ttyS0.
[[0;32m  OK  [0m] Listening on Load/Save RF Kill Switch Status /dev/rfkill Watch.
         Starting Update UTMP about System Boot/Shutdown...
[[0;32m  OK  [0m] Started LSB: AppArmor initialization.
[[0;32m  OK  [0m] Started Update UTMP about System Boot/Shutdown.
[[0;32m  OK  [0m] Started Initial cloud-init job (pre-networking).
[   19.988800] cloud-init[498]: Cloud-init v. 18.3-9-g2e62cb8a-0ubuntu1~16.04.2 running 'init-local' at Sun, 09 Sep 2018 10:15:11 +0000. Up 19.46 seconds.
[[0;32m  OK  [0m] Started Set console font and keymap.
[[0;32m  OK  [0m] Created slice system-getty.slice.
[[0;32m  OK  [0m] Reached target Network (Pre).
[[0;32m  OK  [0m] Started ifup for enp0s3.
         Starting Raise network interfaces...
[[0;32m  OK  [0m] Started ifup for enp0s8.
[[0;32m  OK  [0m] Started Raise network interfaces.
[[0;32m  OK  [0m] Reached target Network.
         Starting Initial cloud-init job (metadata service crawler)...
[   21.921942] cloud-init[1052]: Cloud-init v. 18.3-9-g2e62cb8a-0ubuntu1~16.04.2 running 'init' at Sun, 09 Sep 2018 10:15:13 +0000. Up 21.41 seconds.
[   22.033189] cloud-init[1052]: ci-info: ++++++++++++++++++++++++++++++++++++++Net device info+++++++++++++++++++++++++++++++++++++++
[[0;32m  OK  [0m] Started Initial cloud-init job (metadata service crawler).
[   22.146328] [[0;32m  OK  [0m] Reached target System Initialization.
[[0;32m  OK  [0m] Listening on UUID daemon activation socket.
cloud-init[1052]: ci-info: +--------+------+-----------------------------+---------------+--------+-------------------+
[   22.408938] cloud-init[1052]: ci-info: | Device |  Up  |           Address           |      Mask     | Scope  |     Hw-Address    |
[[0;32m  OK  [0m] Started ACPI Events Check.
[[0;32m  OK  [0m] Reached target Paths.
[[0;32m  OK  [0m] Listening on ACPID Listen Socket.
[   22.411000] cloud-init[1052]: ci-info: +--------+------+-----------------------------+---------------+--------+-------------------+
[   22.673515]          cloud-initStarting Socket activation for snappy daemon.[1052]: 
ci-info: | enp0s3 | True |          10.0.2.15          | 255.255.255.0 | global | 02:40:c1:fa:9b:f5 |
         Starting LXD - unix socket.
[   22.811500] [[0;32m  OK  [0m] Started Daily Cleanup of Temporary Directories.
cloud-init[1052]: ci-info: | enp0s3 | True |  fe80::40:c1ff:fefa:9bf5/64 |       .       |  link  | 02:40:c1:fa:9b:f5 |
[   22.948947] [cloud-init[0;32m  OK  [0m[1052]: ] ci-info: | enp0s8 | True |        192.168.33.70        | 255.255.255.0 | global | 08:00:27:24:56:6f |Listening on D-Bus System Message Bus Socket.

[   23.021336] cloud-init[1052]: ci-info: | enp0s8 | True | fe80::a00:27ff:fe24:566f/64 |       .       |  link  | 08:00:27:24:56:6f |
[[0;32m  OK  [0m] Started Daily apt download activities.
[   23.022962] [cloud-init[0;32m  OK  [0m[1052]: ] ci-info: |   lo   | True |          127.0.0.1          |   255.0.0.0   |  host  |         .         |Started Daily apt upgrade and clean activities.

[   23.187351] [[0;32m  OK  [0m] cloud-initReached target Timers.[1052]: 
ci-info: |   lo   | True |           ::1/128           |       .       |  host  |         .         |
[[0;32m  OK  [0m] Reached target Network is Online.
[   23.252784] cloud-init[1052]: ci-info: +--------+------+-----------------------------+---------------+--------+-------------------+
[   23.325453] cloud-init[1052]: ci-info: ++++++++++++++++++++++++++++Route IPv4 info++++++++++++++++++++++++++++
         Starting iSCSI initiator daemon (iscsid)...
[[0;32m  OK  [0m] Reached target Cloud-config availability.
[   23.429744] cloud-init[1052]: ci-info: +-------+--------------+----------+---------------+-----------+-------+
[   23.553591] cloud-init[1052]: ci-info: | Route | Destination  | Gateway  |    Genmask    | Interface | Flags |
[[0;32m  OK  [0m] Listening on Socket activation for snappy daemon.
[   23.614795] [cloud-init[0;32m  OK  [0m[1052]: ] ci-info: +-------+--------------+----------+---------------+-----------+-------+Listening on LXD - unix socket.

[   23.780963] [cloud-init[0;32m  OK  [0m[1052]: ] ci-info: |   0   |   0.0.0.0    | 10.0.2.2 |    0.0.0.0    |   enp0s3  |   UG  |Started iSCSI initiator daemon (iscsid).

[   23.782195] cloud-init[1052]: ci-info: |   1   |   10.0.2.0   | 0.0.0.0  | 255.255.255.0 |   enp0s3  |   U   |
[   23.984574]          cloud-initStarting Login to default iSCSI targets...[1052]: 
ci-info: |   2   | 192.168.33.0 | 0.0.0.0  | 255.255.255.0 |   enp0s8  |   U   |
[   24.064962] cloud-init[1052]: ci-info: +-------+--------------+----------+---------------+-----------+-------+
[[0;32m  OK  [0m] Reached target Sockets.
[   24.066583] [cloud-init[0;32m  OK  [0m[1052]: ] ci-info: +++++++++++++++++++Route IPv6 info+++++++++++++++++++Reached target Basic System.

[   24.225260] [cloud-init[0;32m  OK  [0m[1052]: ] ci-info: +-------+-------------+---------+-----------+-------+Started Regular background program processing daemon.

[   24.289899] [cloud-init[0;32m  OK  [0m[1052]: ] ci-info: | Route | Destination | Gateway | Interface | Flags |Started Unattended Upgrades Shutdown.

[   24.291052] cloud-init[1052]: ci-info: +-------+-------------+---------+-----------+-------+
[   24.381078] cloud-init[1052]: ci-info: |   0   |  fe80::/64  |    ::   |   enp0s3  |   U   |
         Starting The PHP 7.0 FastCGI Process Manager...
[   24.415914] cloud-init[1052]: ci-info: |   1   |  fe80::/64  |    ::   |   enp0s8  |   U   |
[   24.452125] cloud-init[1052]: ci-info: |   4   |   ff00::/8  |    ::   |   enp0s3  |   U   |
[   24.485722]          cloud-initStarting Snappy daemon...[1052]: 
ci-info: |   5   |   ff00::/8  |    ::   |   enp0s8  |   U   |
[   24.550814] cloud-init[1052]: ci-info: +-------+-------------+---------+-----------+-------+
         Starting LXD - container startup/shutdown...
         Starting MySQL Community Server...
[[0;32m  OK  [0m] Started ACPI event daemon.
         Starting LSB: Record successful boot for GRUB...
         Starting Virtualbox guest utils...
[[0;32m  OK  [0m] Started Deferred execution scheduler.
         Starting LSB: MD monitoring daemon...
         Starting System Logging Service...
         Starting /etc/rc.local Compatibility...
[[0;32m  OK  [0m] Started FUSE filesystem for LXC.
         Starting OpenBSD Secure Shell server...
         Starting Accounts Service...
         Starting Login Service...
[[0;32m  OK  [0m] Started D-Bus System Message Bus.
[[0;32m  OK  [0m] Started System Logging Service.
[[0;32m  OK  [0m] Started Snappy daemon.
[[0;32m  OK  [0m] Started OpenBSD Secure Shell server.
[[0;32m  OK  [0m] Started LXD - container startup/shutdown.
[[0;32m  OK  [0m] Started /etc/rc.local Compatibility.
[[0;32m  OK  [0m] Started The PHP 7.0 FastCGI Process Manager.
[[0;32m  OK  [0m] Started Login to default iSCSI targets.
[[0;32m  OK  [0m] Started LSB: Record successful boot for GRUB.
[[0;32m  OK  [0m] Started LSB: MD monitoring daemon.
[[0;32m  OK  [0m] Started Virtualbox guest utils.
[[0;32m  OK  [0m] Started Login Service.
         Starting Authenticate and Authorize Users to Run Privileged Tasks...
[[0;32m  OK  [0m] Reached target Remote File Systems (Pre).
[[0;32m  OK  [0m] Reached target Remote File Systems.
         Starting LSB: Apache2 web server...
         Starting LSB: daemon to balance interrupts for SMP systems...
         Starting LSB: Set the CPU Frequency Scaling governor to "ondemand"...
         Starting LSB: automatic crash report generation...
         Starting Permit User Sessions...
         Starting Wait until snapd is fully seeded...
[[0;32m  OK  [0m] Started Permit User Sessions.
[[0;32m  OK  [0m] Started Authenticate and Authorize Users to Run Privileged Tasks.
[[0;32m  OK  [0m] Started Wait until snapd is fully seeded.
[[0;32m  OK  [0m] Started Accounts Service.
[[0;32m  OK  [0m] Started LSB: Set the CPU Frequency Scaling governor to "ondemand".
[[0;32m  OK  [0m] Started LSB: daemon to balance interrupts for SMP systems.
[[0;32m  OK  [0m] Created slice User Slice of vagrant.
[[0;32m  OK  [0m] Started Session 1 of user vagrant.
         Starting User Manager for UID 1000...
         Starting Apply the settings specified in cloud-config...
         Starting Terminate Plymouth Boot Screen...
         Starting Hold until boot process finishes up...
[[0;32m  OK  [0m] Started User Manager for UID 1000.
[[0;32m  OK  [0m] Started LSB: automatic crash report generation.
[[0;32m  OK  [0m] Started Terminate Plymouth Boot Screen.
[[0;32m  OK  [0m] Started Hold until boot process finishes up.
         Starting Set console scheme...
[[0;32m  OK  [0m] Started Getty on tty1.
[[0;32m  OK  [0m] Started Serial Getty on ttyS0.
[[0;32m  OK  [0m] Reached target Login Prompts.
[[0;32m  OK  [0m] Started MySQL Community Server.
[[0;32m  OK  [0m] Started Set console scheme.
[   28.269513] cloud-init[1373]: Cloud-init v. 18.3-9-g2e62cb8a-0ubuntu1~16.04.2 running 'modules:config' at Sun, 09 Sep 2018 10:15:19 +0000. Up 28.03 seconds.
[[0;32m  OK  [0m] Started Apply the settings specified in cloud-config.
[[0;32m  OK  [0m] Started LSB: Apache2 web server.
[[0;32m  OK  [0m] Reached target Multi-User System.
[[0;32m  OK  [0m] Reached target Graphical Interface.
         Starting Update UTMP about System Runlevel Changes...
         Starting Execute cloud user/final scripts...
[[0;32m  OK  [0m] Started Update UTMP about System Runlevel Changes.
[   29.886498] cloud-init[1476]: Cloud-init v. 18.3-9-g2e62cb8a-0ubuntu1~16.04.2 running 'modules:final' at Sun, 09 Sep 2018 10:15:21 +0000. Up 29.57 seconds.
[   29.965944] cloud-init[1476]: Cloud-init v. 18.3-9-g2e62cb8a-0ubuntu1~16.04.2 finished at Sun, 09 Sep 2018 10:15:21 +0000. Datasource DataSourceNoCloud [seed=/dev/sdb][dsmode=net].  Up 29.87 seconds
[[0;32m  OK  [0m] Started Execute cloud user/final scripts.
[[0;32m  OK  [0m] Reached target Cloud-init target.

Ubuntu 16.04.5 LTS ubuntu-xenial ttyS0

ubuntu-xenial login: 